<?xml version="1.0" encoding="UTF-8"?>
<testsuite xmlns:xsi="http://www.w3.org/2001/XMLSchema-instance" xsi:noNamespaceSchemaLocation="https://maven.apache.org/surefire/maven-surefire-plugin/xsd/surefire-test-report-3.0.xsd" version="3.0" name="com.kafka.KafkaProject.KafkaProjectApplicationTests" time="4.09" tests="1" errors="0" skipped="0" failures="0">
  <properties>
[...]
</properties>
  <testcase name="contextLoads" classname="com.kafka.KafkaProject.KafkaProjectApplicationTests" time="0.946">
    <system-out><![CDATA[14:26:03.582 [main] INFO org.springframework.test.context.support.AnnotationConfigContextLoaderUtils -- Could not detect default configuration classes for test class [com.kafka.KafkaProject.KafkaProjectApplicationTests]: KafkaProjectApplicationTests does not declare any static, non-private, non-final, nested classes annotated with @Configuration.
14:26:03.749 [main] INFO org.springframework.boot.test.context.SpringBootTestContextBootstrapper -- Found @SpringBootConfiguration com.kafka.KafkaProject.KafkaProjectApplication for test class com.kafka.KafkaProject.KafkaProjectApplicationTests

  .   ____          _            __ _ _
 /\\ / ___'_ __ _ _(_)_ __  __ _ \ \ \ \
( ( )\___ | '_ | '_| | '_ \/ _` | \ \ \ \
 \\/  ___)| |_)| | | | | || (_| |  ) ) ) )
  '  |____| .__|_| |_|_| |_\__, | / / / /
 =========|_|==============|___/=/_/_/_/
 :: Spring Boot ::                (v3.2.2)

2024-02-07T14:26:04.339-06:00  INFO 10125 --- [           main] c.k.K.KafkaProjectApplicationTests       : Starting KafkaProjectApplicationTests using Java 19.0.1 with PID 10125 (started by subramanyaganesh in /Users/subramanyaganesh/Documents/SelfProject/KafkaProject)
2024-02-07T14:26:04.342-06:00  INFO 10125 --- [           main] c.k.K.KafkaProjectApplicationTests       : No active profile set, falling back to 1 default profile: "default"
2024-02-07T14:26:05.063-06:00  INFO 10125 --- [           main] faultConfiguringBeanFactoryPostProcessor : No bean named 'errorChannel' has been explicitly defined. Therefore, a default PublishSubscribeChannel will be created.
2024-02-07T14:26:05.076-06:00  INFO 10125 --- [           main] faultConfiguringBeanFactoryPostProcessor : No bean named 'integrationHeaderChannelRegistry' has been explicitly defined. Therefore, a default DefaultHeaderChannelRegistry will be created.
2024-02-07T14:26:06.403-06:00  INFO 10125 --- [           main] o.s.i.endpoint.EventDrivenConsumer       : Adding {logging-channel-adapter:_org.springframework.integration.errorLogger} as a subscriber to the 'errorChannel' channel
2024-02-07T14:26:06.404-06:00  INFO 10125 --- [           main] o.s.i.channel.PublishSubscribeChannel    : Channel 'application.errorChannel' has 1 subscriber(s).
2024-02-07T14:26:06.404-06:00  INFO 10125 --- [           main] o.s.i.endpoint.EventDrivenConsumer       : started bean '_org.springframework.integration.errorLogger'
2024-02-07T14:26:06.418-06:00  INFO 10125 --- [           main] c.k.K.KafkaProjectApplicationTests       : Started KafkaProjectApplicationTests in 2.51 seconds (process running for 3.874)
]]></system-out>
  </testcase>
</testsuite>